<?xml version="1.0" encoding="UTF-8"?>
<beans xmlns="http://www.springframework.org/schema/beans"
       xmlns:xsi="http://www.w3.org/2001/XMLSchema-instance"
       xsi:schemaLocation="
    http://www.springframework.org/schema/beans
    http://www.springframework.org/schema/beans/spring-beans-3.1.xsd">

    <!-- general configuration -->
    <import resource="classpath:spring-context.xml" />

    <!-- Test specific configuration, overrides Spring beans declared earlier -->
    <!-- IMPORTANT: Bean name MUST BE IDENTICAL to the real bean's one! -->
    <bean id="myConcreteLoginService" class="org.mockito.Mockito" factory-method="mock" scope="singleton">
        <constructor-arg value="myproj.service.LoginService" />
    </bean>

</beans>